2016-03-31 12:49:14,606 ERROR [main] - Statistics - Statistics file `/home/niko/.scalaide/statistics` is corrupted. A new one is being created. Corrupted content was:

com.cedarsoftware.util.io.JsonIoException: error parsing JSON value
	at com.cedarsoftware.util.io.JsonReader.readObject(JsonReader.java:529)
	at com.cedarsoftware.util.io.JsonReader.jsonToJava(JsonReader.java:289)
	at com.cedarsoftware.util.io.JsonReader.jsonToJava(JsonReader.java:262)
	at org.scalaide.core.internal.statistics.Statistics.org$scalaide$core$internal$statistics$Statistics$$read(Statistics.scala:74)
	at org.scalaide.core.internal.statistics.Statistics$$anonfun$readStats$1.apply(Statistics.scala:52)
	at org.scalaide.core.internal.statistics.Statistics$$anonfun$readStats$1.apply(Statistics.scala:51)
	at org.scalaide.core.ScalaIdeDataStore$$anonfun$validate$2.apply(ScalaIdeDataStore.scala:59)
	at org.scalaide.util.eclipse.EclipseUtils$$anon$3.run(EclipseUtils.scala:216)
	at org.eclipse.core.runtime.SafeRunner.run(SafeRunner.java:42)
	at org.scalaide.util.eclipse.EclipseUtils$.withSafeRunner(EclipseUtils.scala:212)
	at org.scalaide.core.ScalaIdeDataStore$.validate(ScalaIdeDataStore.scala:58)
	at org.scalaide.core.internal.statistics.Statistics.readStats(Statistics.scala:51)
	at org.scalaide.core.internal.statistics.Statistics.<init>(Statistics.scala:30)
	at org.scalaide.core.internal.ScalaPlugin.stats$lzycompute(ScalaPlugin.scala:136)
	at org.scalaide.core.internal.ScalaPlugin.stats(ScalaPlugin.scala:136)
	at org.scalaide.core.internal.ScalaPlugin.statistics(ScalaPlugin.scala:139)
	at org.scalaide.core.internal.ScalaPlugin.start(ScalaPlugin.scala:110)
	at org.eclipse.osgi.internal.framework.BundleContextImpl$3.run(BundleContextImpl.java:771)
	at org.eclipse.osgi.internal.framework.BundleContextImpl$3.run(BundleContextImpl.java:1)
	at java.security.AccessController.doPrivileged(Native Method)
	at org.eclipse.osgi.internal.framework.BundleContextImpl.startActivator(BundleContextImpl.java:764)
	at org.eclipse.osgi.internal.framework.BundleContextImpl.start(BundleContextImpl.java:721)
	at org.eclipse.osgi.internal.framework.EquinoxBundle.startWorker0(EquinoxBundle.java:936)
	at org.eclipse.osgi.internal.framework.EquinoxBundle$EquinoxModule.startWorker(EquinoxBundle.java:319)
	at org.eclipse.osgi.container.Module.doStart(Module.java:571)
	at org.eclipse.osgi.container.Module.start(Module.java:439)
	at org.eclipse.osgi.framework.util.SecureAction.start(SecureAction.java:454)
	at org.eclipse.osgi.internal.hooks.EclipseLazyStarter.postFindLocalClass(EclipseLazyStarter.java:107)
	at org.eclipse.osgi.internal.loader.classpath.ClasspathManager.findLocalClass(ClasspathManager.java:531)
	at org.eclipse.osgi.internal.loader.ModuleClassLoader.findLocalClass(ModuleClassLoader.java:324)
	at org.eclipse.osgi.internal.loader.BundleLoader.findLocalClass(BundleLoader.java:320)
	at org.eclipse.osgi.internal.loader.BundleLoader.findClassInternal(BundleLoader.java:395)
	at org.eclipse.osgi.internal.loader.BundleLoader.findClass(BundleLoader.java:345)
	at org.eclipse.osgi.internal.loader.BundleLoader.findClass(BundleLoader.java:337)
	at org.eclipse.osgi.internal.loader.ModuleClassLoader.loadClass(ModuleClassLoader.java:160)
	at java.lang.ClassLoader.loadClass(ClassLoader.java:358)
	at org.eclipse.osgi.internal.framework.EquinoxBundle.loadClass(EquinoxBundle.java:568)
	at org.eclipse.core.internal.registry.osgi.RegistryStrategyOSGI.createExecutableExtension(RegistryStrategyOSGI.java:174)
	at org.eclipse.core.internal.registry.ExtensionRegistry.createExecutableExtension(ExtensionRegistry.java:905)
	at org.eclipse.core.internal.registry.ConfigurationElement.createExecutableExtension(ConfigurationElement.java:243)
	at org.eclipse.core.internal.registry.ConfigurationElementHandle.createExecutableExtension(ConfigurationElementHandle.java:55)
	at org.eclipse.ui.internal.registry.PerspectiveDescriptor.createFactory(PerspectiveDescriptor.java:74)
	at org.eclipse.ui.internal.WorkbenchPage.setPerspective(WorkbenchPage.java:4032)
	at org.eclipse.ui.internal.WorkbenchWindow.setup(WorkbenchWindow.java:733)
	at sun.reflect.NativeMethodAccessorImpl.invoke0(Native Method)
	at sun.reflect.NativeMethodAccessorImpl.invoke(NativeMethodAccessorImpl.java:57)
	at sun.reflect.DelegatingMethodAccessorImpl.invoke(DelegatingMethodAccessorImpl.java:43)
	at java.lang.reflect.Method.invoke(Method.java:606)
	at org.eclipse.e4.core.internal.di.MethodRequestor.execute(MethodRequestor.java:55)
	at org.eclipse.e4.core.internal.di.InjectorImpl.processAnnotated(InjectorImpl.java:888)
	at org.eclipse.e4.core.internal.di.InjectorImpl.inject(InjectorImpl.java:120)
	at org.eclipse.e4.core.internal.di.InjectorImpl.inject(InjectorImpl.java:85)
	at org.eclipse.e4.core.contexts.ContextInjectionFactory.inject(ContextInjectionFactory.java:73)
	at org.eclipse.ui.internal.Workbench.createWorkbenchWindow(Workbench.java:1480)
	at org.eclipse.ui.internal.Workbench.getActiveWorkbenchWindow(Workbench.java:1453)
	at org.eclipse.ui.internal.services.WorkbenchSourceProvider.updateActiveShell(WorkbenchSourceProvider.java:943)
	at org.eclipse.ui.internal.services.WorkbenchSourceProvider.getCurrentState(WorkbenchSourceProvider.java:137)
	at org.eclipse.ui.internal.services.WorkbenchSourceProvider$6.handleEvent(WorkbenchSourceProvider.java:703)
	at org.eclipse.swt.widgets.EventTable.sendEvent(EventTable.java:84)
	at org.eclipse.swt.widgets.Display.filterEvent(Display.java:1574)
	at org.eclipse.swt.widgets.Widget.sendEvent(Widget.java:1387)
	at org.eclipse.swt.widgets.Widget.sendEvent(Widget.java:1412)
	at org.eclipse.swt.widgets.Widget.sendEvent(Widget.java:1393)
	at org.eclipse.swt.widgets.Shell.filterProc(Shell.java:761)
	at org.eclipse.swt.widgets.Display.filterProc(Display.java:1586)
	at org.eclipse.swt.internal.gtk.OS._g_main_context_iteration(Native Method)
	at org.eclipse.swt.internal.gtk.OS.g_main_context_iteration(OS.java:2477)
	at org.eclipse.swt.widgets.Display.readAndDispatch(Display.java:3407)
	at org.eclipse.e4.ui.internal.workbench.swt.PartRenderingEngine$9.run(PartRenderingEngine.java:1151)
	at org.eclipse.core.databinding.observable.Realm.runWithDefault(Realm.java:332)
	at org.eclipse.e4.ui.internal.workbench.swt.PartRenderingEngine.run(PartRenderingEngine.java:1032)
	at org.eclipse.e4.ui.internal.workbench.E4Workbench.createAndRunUI(E4Workbench.java:148)
	at org.eclipse.ui.internal.Workbench$5.run(Workbench.java:636)
	at org.eclipse.core.databinding.observable.Realm.runWithDefault(Realm.java:332)
	at org.eclipse.ui.internal.Workbench.createAndRunWorkbench(Workbench.java:579)
	at org.eclipse.ui.PlatformUI.createAndRunWorkbench(PlatformUI.java:150)
	at org.eclipse.ui.internal.ide.application.IDEApplication.start(IDEApplication.java:135)
	at org.eclipse.equinox.internal.app.EclipseAppHandle.run(EclipseAppHandle.java:196)
	at org.eclipse.core.runtime.internal.adaptor.EclipseAppLauncher.runApplication(EclipseAppLauncher.java:134)
	at org.eclipse.core.runtime.internal.adaptor.EclipseAppLauncher.start(EclipseAppLauncher.java:104)
	at org.eclipse.core.runtime.adaptor.EclipseStarter.run(EclipseStarter.java:380)
	at org.eclipse.core.runtime.adaptor.EclipseStarter.run(EclipseStarter.java:235)
	at sun.reflect.NativeMethodAccessorImpl.invoke0(Native Method)
	at sun.reflect.NativeMethodAccessorImpl.invoke(NativeMethodAccessorImpl.java:57)
	at sun.reflect.DelegatingMethodAccessorImpl.invoke(DelegatingMethodAccessorImpl.java:43)
	at java.lang.reflect.Method.invoke(Method.java:606)
	at org.eclipse.equinox.launcher.Main.invokeFramework(Main.java:648)
	at org.eclipse.equinox.launcher.Main.basicRun(Main.java:603)
	at org.eclipse.equinox.launcher.Main.run(Main.java:1465)
	at org.eclipse.equinox.launcher.Main.main(Main.java:1438)
Caused by: com.cedarsoftware.util.io.JsonIoException: EOF reached prematurely
	at com.cedarsoftware.util.io.JsonParser.error(JsonParser.java:584)
	at com.cedarsoftware.util.io.JsonParser.readValue(JsonParser.java:278)
	at com.cedarsoftware.util.io.JsonReader.readObject(JsonReader.java:521)
	... 89 more
2016-03-31 12:53:55,512  WARN [ModalContext] - ScalaProject - Project Solutions has platform default sourceLevel.
2016-03-31 12:53:55,519  WARN [ModalContext] - ScalaProject - Project Solutions runs on platform default installation.
2016-03-31 12:53:56,283  WARN [Worker-8] - ScalaProject - Project Solutions has platform default sourceLevel.
2016-03-31 12:53:56,290  WARN [Worker-8] - ScalaProject - Project Solutions runs on platform default installation.
2016-03-31 12:54:21,642  WARN [main] - ScalaProject - Project Solutions has platform default sourceLevel.
2016-03-31 12:54:21,654  WARN [main] - ScalaProject - Project Solutions runs on platform default installation.
2016-03-31 12:55:17,867  WARN [Worker-3] - ScalaProject - Project Solutions has platform default sourceLevel.
2016-03-31 12:55:17,868  WARN [Worker-3] - ScalaProject - Project Solutions runs on platform default installation.
2016-03-31 12:55:18,234  WARN [Java indexing] - ScalaProject - Project Solutions has platform default sourceLevel.
2016-03-31 12:55:18,234  WARN [Java indexing] - ScalaProject - Project Solutions runs on platform default installation.
2016-03-31 12:55:19,850  WARN [Worker-7] - ScalaProject - Project Solutions has platform default sourceLevel.
2016-03-31 12:55:19,850  WARN [Worker-7] - ScalaProject - Project Solutions runs on platform default installation.
2016-03-31 12:57:46,180  WARN [ModalContext] - ScalaProject - Project Solutions has platform default sourceLevel.
2016-03-31 12:57:46,180  WARN [ModalContext] - ScalaProject - Project Solutions runs on platform default installation.
2016-03-31 12:57:46,399  WARN [Worker-9] - ScalaProject - Project Solutions has platform default sourceLevel.
2016-03-31 12:57:46,399  WARN [Worker-9] - ScalaProject - Project Solutions runs on platform default installation.
2016-03-31 12:57:47,122  WARN [org.scalaide.ui.internal.reconciliation.ScalaReconciler] - ScalaProject - Project Solutions has platform default sourceLevel.
2016-03-31 12:57:47,123  WARN [org.scalaide.ui.internal.reconciliation.ScalaReconciler] - ScalaProject - Project Solutions runs on platform default installation.
2016-03-31 12:58:03,290  WARN [ModalContext] - ScalaProject - Project Solutions has platform default sourceLevel.
2016-03-31 12:58:03,290  WARN [ModalContext] - ScalaProject - Project Solutions runs on platform default installation.
2016-03-31 12:58:03,527  WARN [Worker-11] - ScalaProject - Project Solutions has platform default sourceLevel.
2016-03-31 12:58:03,527  WARN [Worker-11] - ScalaProject - Project Solutions runs on platform default installation.
2016-03-31 12:58:04,063  WARN [org.scalaide.ui.internal.reconciliation.ScalaReconciler] - ScalaProject - Project Solutions has platform default sourceLevel.
2016-03-31 12:58:04,064  WARN [org.scalaide.ui.internal.reconciliation.ScalaReconciler] - ScalaProject - Project Solutions runs on platform default installation.
2016-03-31 12:58:15,225  WARN [main] - ScalaProject - Project Solutions has platform default sourceLevel.
2016-03-31 12:58:15,225  WARN [main] - ScalaProject - Project Solutions runs on platform default installation.
2016-03-31 12:58:15,379  WARN [Worker-3] - ScalaProject - Project Solutions has platform default sourceLevel.
2016-03-31 12:58:15,379  WARN [Worker-3] - ScalaProject - Project Solutions runs on platform default installation.
2016-03-31 12:58:38,071  WARN [main] - ScalaProject - Project Solutions has platform default sourceLevel.
2016-03-31 12:58:38,072  WARN [main] - ScalaProject - Project Solutions runs on platform default installation.
2016-03-31 12:58:38,176  WARN [Worker-6] - ScalaProject - Project Solutions has platform default sourceLevel.
2016-03-31 12:58:38,176  WARN [Worker-6] - ScalaProject - Project Solutions runs on platform default installation.
2016-03-31 12:58:56,294  WARN [Worker-12] - ScalaProject - Project Solutions has platform default sourceLevel.
2016-03-31 12:58:56,294  WARN [Worker-12] - ScalaProject - Project Solutions runs on platform default installation.
2016-03-31 12:58:57,192  WARN [org.scalaide.ui.internal.reconciliation.ScalaReconciler] - ScalaProject - Project Solutions has platform default sourceLevel.
2016-03-31 12:58:57,192  WARN [org.scalaide.ui.internal.reconciliation.ScalaReconciler] - ScalaProject - Project Solutions runs on platform default installation.
2016-03-31 12:59:12,238  WARN [Worker-6] - ScalaProject - Project Solutions has platform default sourceLevel.
2016-03-31 12:59:12,238  WARN [Worker-6] - ScalaProject - Project Solutions runs on platform default installation.
2016-03-31 12:59:12,860  WARN [org.scalaide.ui.internal.reconciliation.ScalaReconciler] - ScalaProject - Project Solutions has platform default sourceLevel.
2016-03-31 12:59:12,861  WARN [org.scalaide.ui.internal.reconciliation.ScalaReconciler] - ScalaProject - Project Solutions runs on platform default installation.
2016-03-31 12:59:33,507  WARN [Worker-9] - ScalaProject - Project Solutions has platform default sourceLevel.
2016-03-31 12:59:33,507  WARN [Worker-9] - ScalaProject - Project Solutions runs on platform default installation.
2016-03-31 12:59:34,031  WARN [org.scalaide.ui.internal.reconciliation.ScalaReconciler] - ScalaProject - Project Solutions has platform default sourceLevel.
2016-03-31 12:59:34,031  WARN [org.scalaide.ui.internal.reconciliation.ScalaReconciler] - ScalaProject - Project Solutions runs on platform default installation.
2016-03-31 12:59:51,007  WARN [main] - ScalaProject - Project Solutions has platform default sourceLevel.
2016-03-31 12:59:51,007  WARN [main] - ScalaProject - Project Solutions runs on platform default installation.
2016-03-31 12:59:51,370  WARN [Worker-9] - ScalaProject - Project Solutions has platform default sourceLevel.
2016-03-31 12:59:51,370  WARN [Worker-9] - ScalaProject - Project Solutions runs on platform default installation.
2016-03-31 13:01:29,384  WARN [main] - ScalaProject - Project Solutions has platform default sourceLevel.
2016-03-31 13:01:29,384  WARN [main] - ScalaProject - Project Solutions runs on platform default installation.
2016-03-31 13:01:29,576  WARN [Worker-13] - ScalaProject - Project Solutions has platform default sourceLevel.
2016-03-31 13:01:29,576  WARN [Worker-13] - ScalaProject - Project Solutions runs on platform default installation.
2016-03-31 13:02:24,232  WARN [Worker-9] - ScalaProject - Project Solutions has platform default sourceLevel.
2016-03-31 13:02:24,232  WARN [Worker-9] - ScalaProject - Project Solutions runs on platform default installation.
2016-03-31 13:02:36,803  WARN [main] - ScalaProject - Project Solutions has platform default sourceLevel.
2016-03-31 13:02:36,803  WARN [main] - ScalaProject - Project Solutions runs on platform default installation.
2016-03-31 13:02:37,033  WARN [Worker-13] - ScalaProject - Project Solutions has platform default sourceLevel.
2016-03-31 13:02:37,033  WARN [Worker-13] - ScalaProject - Project Solutions runs on platform default installation.
2016-03-31 13:05:13,849  WARN [Worker-15] - ScalaProject - Project Solutions has platform default sourceLevel.
2016-03-31 13:05:13,849  WARN [Worker-15] - ScalaProject - Project Solutions runs on platform default installation.
2016-03-31 13:06:48,404  WARN [main] - ScalaProject - Project Solutions has platform default sourceLevel.
2016-03-31 13:06:48,404  WARN [main] - ScalaProject - Project Solutions runs on platform default installation.
2016-03-31 13:42:35,651 ERROR [Text Viewer Hover Presenter] - IScalaPresentationCompiler$ - Ignoring InterruptException
2016-03-31 13:42:35,651 ERROR [Text Viewer Hover Presenter] - IScalaPresentationCompiler$ - Ignoring InterruptException
2016-03-31 13:42:35,651 ERROR [Text Viewer Hover Presenter] - IScalaPresentationCompiler$ - Ignoring InterruptException
2016-03-31 15:10:52,834 ERROR [Worker-5] - System.err - SLF4J: Failed to load class "org.slf4j.impl.StaticLoggerBinder".
2016-03-31 15:10:52,835 ERROR [Worker-5] - System.err - SLF4J: Defaulting to no-operation (NOP) logger implementation
2016-03-31 15:10:52,835 ERROR [Worker-5] - System.err - SLF4J: See http://www.slf4j.org/codes.html#StaticLoggerBinder for further details.
2016-03-31 15:15:03,638  WARN [org.scalaide.ui.internal.reconciliation.ScalaReconciler] - TraverserImpl$ - Skipping annotation, position length = 0, position offset = 735
2016-03-31 15:15:03,645  WARN [org.scalaide.ui.internal.reconciliation.ScalaReconciler] - TraverserImpl$ - Skipping annotation, position length = 0, position offset = 735
2016-03-31 15:15:05,227  WARN [org.scalaide.ui.internal.reconciliation.ScalaReconciler] - TraverserImpl$ - Skipping annotation, position length = 0, position offset = 742
2016-03-31 15:15:08,826  WARN [org.scalaide.ui.internal.reconciliation.ScalaReconciler] - TraverserImpl$ - Skipping annotation, position length = 0, position offset = 744
2016-03-31 15:15:10,995  WARN [org.scalaide.ui.internal.reconciliation.ScalaReconciler] - TraverserImpl$ - Skipping annotation, position length = 0, position offset = 750
2016-03-31 15:15:13,030  WARN [org.scalaide.ui.internal.reconciliation.ScalaReconciler] - TraverserImpl$ - Skipping annotation, position length = 0, position offset = 756
2016-03-31 15:15:14,118  WARN [org.scalaide.ui.internal.reconciliation.ScalaReconciler] - TraverserImpl$ - Skipping annotation, position length = 0, position offset = 757
2016-03-31 15:15:16,657  WARN [org.scalaide.ui.internal.reconciliation.ScalaReconciler] - TraverserImpl$ - Skipping annotation, position length = 0, position offset = 756
2016-03-31 15:16:55,571  WARN [org.scalaide.ui.internal.reconciliation.ScalaReconciler] - TraverserImpl$ - Skipping annotation, position length = 0, position offset = 756
2016-03-31 15:16:57,111  WARN [org.scalaide.ui.internal.reconciliation.ScalaReconciler] - TraverserImpl$ - Skipping annotation, position length = 0, position offset = 756
2016-03-31 15:16:58,199  WARN [org.scalaide.ui.internal.reconciliation.ScalaReconciler] - TraverserImpl$ - Skipping annotation, position length = 0, position offset = 757
2016-03-31 15:17:00,267  WARN [org.scalaide.ui.internal.reconciliation.ScalaReconciler] - TraverserImpl$ - Skipping annotation, position length = 0, position offset = 758
2016-03-31 16:40:44,947 ERROR [Text Viewer Hover Presenter] - IScalaPresentationCompiler$ - Ignoring InterruptException
2016-03-31 16:40:44,947 ERROR [Text Viewer Hover Presenter] - IScalaPresentationCompiler$ - Ignoring InterruptException
2016-03-31 16:40:44,947 ERROR [Text Viewer Hover Presenter] - IScalaPresentationCompiler$ - Ignoring InterruptException
2016-03-31 17:17:31,857 ERROR [Text Viewer Hover Presenter] - IScalaPresentationCompiler$ - Ignoring InterruptException
2016-03-31 17:17:31,859 ERROR [Text Viewer Hover Presenter] - IScalaPresentationCompiler$ - Ignoring InterruptException
2016-03-31 17:17:31,860 ERROR [Text Viewer Hover Presenter] - IScalaPresentationCompiler$ - Ignoring InterruptException
2016-03-31 17:17:31,860 ERROR [Text Viewer Hover Presenter] - IScalaPresentationCompiler$ - Ignoring InterruptException
2016-03-31 17:27:20,786 ERROR [Text Viewer Hover Presenter] - IScalaPresentationCompiler$ - Ignoring InterruptException
2016-03-31 17:27:20,787 ERROR [Text Viewer Hover Presenter] - IScalaPresentationCompiler$ - Ignoring InterruptException
2016-03-31 17:27:22,109  WARN [org.scalaide.ui.internal.reconciliation.ScalaReconciler] - CallByNameParamAtCreationPresenter - Timeout while waiting for `askLoadedTyped` during semantic highlighting.
2016-03-31 17:33:56,362 ERROR [Text Viewer Hover Presenter] - IScalaPresentationCompiler$ - Ignoring InterruptException
2016-03-31 17:33:56,362 ERROR [Text Viewer Hover Presenter] - IScalaPresentationCompiler$ - Ignoring InterruptException
2016-03-31 17:33:56,362 ERROR [Text Viewer Hover Presenter] - IScalaPresentationCompiler$ - Ignoring InterruptException
2016-03-31 17:50:59,420 ERROR [Text Viewer Hover Presenter] - IScalaPresentationCompiler$ - Ignoring InterruptException
2016-03-31 17:50:59,420 ERROR [Text Viewer Hover Presenter] - IScalaPresentationCompiler$ - Ignoring InterruptException
2016-03-31 17:50:59,420 ERROR [Text Viewer Hover Presenter] - IScalaPresentationCompiler$ - Ignoring InterruptException
2016-03-31 18:27:27,388  WARN [org.scalaide.ui.internal.reconciliation.ScalaReconciler] - CallByNameParamAtCreationPresenter - Timeout while waiting for `askLoadedTyped` during semantic highlighting.
2016-03-31 18:39:48,249 ERROR [Text Viewer Hover Presenter] - IScalaPresentationCompiler$ - Ignoring InterruptException
2016-03-31 18:39:48,250 ERROR [Text Viewer Hover Presenter] - IScalaPresentationCompiler$ - Ignoring InterruptException
2016-03-31 18:39:48,250 ERROR [Text Viewer Hover Presenter] - IScalaPresentationCompiler$ - Ignoring InterruptException
2016-03-31 18:46:42,091  WARN [org.scalaide.ui.internal.reconciliation.ScalaReconciler] - TraverserImpl$ - Skipping annotation, position length = 0, position offset = 449
2016-03-31 18:46:44,215  WARN [org.scalaide.ui.internal.reconciliation.ScalaReconciler] - TraverserImpl$ - Skipping annotation, position length = 0, position offset = 450
2016-03-31 18:46:46,338  WARN [org.scalaide.ui.internal.reconciliation.ScalaReconciler] - TraverserImpl$ - Skipping annotation, position length = 0, position offset = 459
2016-03-31 18:46:46,339  WARN [org.scalaide.ui.internal.reconciliation.ScalaReconciler] - TraverserImpl$ - Skipping annotation, position length = 0, position offset = 459
2016-03-31 18:46:57,927  WARN [org.scalaide.ui.internal.reconciliation.ScalaReconciler] - TraverserImpl$ - Skipping annotation, position length = 0, position offset = 459
2016-03-31 18:46:57,927  WARN [org.scalaide.ui.internal.reconciliation.ScalaReconciler] - TraverserImpl$ - Skipping annotation, position length = 0, position offset = 459
2016-03-31 18:46:59,494  WARN [org.scalaide.ui.internal.reconciliation.ScalaReconciler] - TraverserImpl$ - Skipping annotation, position length = 0, position offset = 450
2016-03-31 18:47:00,559  WARN [org.scalaide.ui.internal.reconciliation.ScalaReconciler] - TraverserImpl$ - Skipping annotation, position length = 0, position offset = 451
2016-03-31 18:47:02,612  WARN [org.scalaide.ui.internal.reconciliation.ScalaReconciler] - TraverserImpl$ - Skipping annotation, position length = 0, position offset = 453
2016-03-31 18:47:02,612  WARN [org.scalaide.ui.internal.reconciliation.ScalaReconciler] - TraverserImpl$ - Skipping annotation, position length = 0, position offset = 453
2016-03-31 18:47:06,223  WARN [org.scalaide.ui.internal.reconciliation.ScalaReconciler] - TraverserImpl$ - Skipping annotation, position length = 0, position offset = 454
2016-03-31 18:47:07,237  WARN [org.scalaide.ui.internal.reconciliation.ScalaReconciler] - TraverserImpl$ - Skipping annotation, position length = 0, position offset = 454
2016-03-31 18:58:08,647  WARN [org.scalaide.ui.internal.reconciliation.ScalaReconciler] - TraverserImpl$ - Skipping annotation, position length = 0, position offset = 392
2016-03-31 18:58:08,648  WARN [org.scalaide.ui.internal.reconciliation.ScalaReconciler] - TraverserImpl$ - Skipping annotation, position length = 0, position offset = 392
2016-03-31 18:58:13,668  WARN [org.scalaide.ui.internal.reconciliation.ScalaReconciler] - TraverserImpl$ - Skipping annotation, position length = 0, position offset = 392
2016-03-31 18:58:13,668  WARN [org.scalaide.ui.internal.reconciliation.ScalaReconciler] - TraverserImpl$ - Skipping annotation, position length = 0, position offset = 392
2016-03-31 18:58:25,189  WARN [org.scalaide.ui.internal.reconciliation.ScalaReconciler] - TraverserImpl$ - Skipping annotation, position length = 0, position offset = 392
2016-03-31 18:58:25,189  WARN [org.scalaide.ui.internal.reconciliation.ScalaReconciler] - TraverserImpl$ - Skipping annotation, position length = 0, position offset = 392
2016-03-31 18:58:26,733  WARN [org.scalaide.ui.internal.reconciliation.ScalaReconciler] - TraverserImpl$ - Skipping annotation, position length = 0, position offset = 392
2016-03-31 18:58:26,733  WARN [org.scalaide.ui.internal.reconciliation.ScalaReconciler] - TraverserImpl$ - Skipping annotation, position length = 0, position offset = 392
2016-03-31 18:58:26,734  WARN [org.scalaide.ui.internal.reconciliation.ScalaReconciler] - TraverserImpl$ - Skipping annotation, position length = 0, position offset = 392
2016-03-31 18:58:28,258  WARN [org.scalaide.ui.internal.reconciliation.ScalaReconciler] - TraverserImpl$ - Skipping annotation, position length = 0, position offset = 392
2016-03-31 18:58:32,796  WARN [org.scalaide.ui.internal.reconciliation.ScalaReconciler] - TraverserImpl$ - Skipping annotation, position length = 0, position offset = 392
2016-03-31 18:58:42,251  WARN [org.scalaide.ui.internal.reconciliation.ScalaReconciler] - TraverserImpl$ - Skipping annotation, position length = 0, position offset = 392
2016-03-31 18:58:42,252  WARN [org.scalaide.ui.internal.reconciliation.ScalaReconciler] - TraverserImpl$ - Skipping annotation, position length = 0, position offset = 392
2016-03-31 18:58:45,784  WARN [org.scalaide.ui.internal.reconciliation.ScalaReconciler] - TraverserImpl$ - Skipping annotation, position length = 0, position offset = 392
2016-03-31 19:01:17,866  WARN [org.scalaide.ui.internal.reconciliation.ScalaReconciler] - ImplicitHighlightingPresenter - Timeout while waiting for `askLoadedTyped` during semantic highlighting.
2016-03-31 19:02:17,086 ERROR [Text Viewer Hover Presenter] - IScalaPresentationCompiler$ - Ignoring InterruptException
2016-03-31 19:02:17,086 ERROR [Text Viewer Hover Presenter] - IScalaPresentationCompiler$ - Ignoring InterruptException
2016-03-31 19:02:17,086 ERROR [Text Viewer Hover Presenter] - IScalaPresentationCompiler$ - Ignoring InterruptException
2016-03-31 19:26:49,342 ERROR [Text Viewer Hover Presenter] - IScalaPresentationCompiler$ - Ignoring InterruptException
2016-03-31 19:26:49,342 ERROR [Text Viewer Hover Presenter] - IScalaPresentationCompiler$ - Ignoring InterruptException
2016-03-31 19:26:49,342 ERROR [Text Viewer Hover Presenter] - IScalaPresentationCompiler$ - Ignoring InterruptException
2016-03-31 19:58:23,211 ERROR [Text Viewer Hover Presenter] - IScalaPresentationCompiler$ - Ignoring InterruptException
2016-03-31 19:58:23,212 ERROR [Text Viewer Hover Presenter] - IScalaPresentationCompiler$ - Ignoring InterruptException
2016-03-31 19:58:23,212 ERROR [Text Viewer Hover Presenter] - IScalaPresentationCompiler$ - Ignoring InterruptException
2016-03-31 19:58:23,212 ERROR [Text Viewer Hover Presenter] - IScalaPresentationCompiler$ - Ignoring InterruptException
2016-03-31 19:58:23,212 ERROR [Text Viewer Hover Presenter] - IScalaPresentationCompiler$ - Ignoring InterruptException
2016-03-31 19:58:23,212 ERROR [Text Viewer Hover Presenter] - IScalaPresentationCompiler$ - Ignoring InterruptException
2016-03-31 19:58:23,212 ERROR [Text Viewer Hover Presenter] - IScalaPresentationCompiler$ - Ignoring InterruptException
2016-03-31 19:58:23,212 ERROR [Text Viewer Hover Presenter] - IScalaPresentationCompiler$ - Ignoring InterruptException
2016-03-31 19:58:23,212 ERROR [Text Viewer Hover Presenter] - IScalaPresentationCompiler$ - Ignoring InterruptException
2016-03-31 19:58:23,212 ERROR [Text Viewer Hover Presenter] - IScalaPresentationCompiler$ - Ignoring InterruptException
2016-03-31 19:58:23,212 ERROR [Text Viewer Hover Presenter] - IScalaPresentationCompiler$ - Ignoring InterruptException
2016-03-31 19:58:23,212 ERROR [Text Viewer Hover Presenter] - IScalaPresentationCompiler$ - Ignoring InterruptException
2016-03-31 19:58:23,212 ERROR [Text Viewer Hover Presenter] - IScalaPresentationCompiler$ - Ignoring InterruptException
2016-03-31 19:58:23,212 ERROR [Text Viewer Hover Presenter] - IScalaPresentationCompiler$ - Ignoring InterruptException
2016-03-31 19:58:23,212 ERROR [Text Viewer Hover Presenter] - IScalaPresentationCompiler$ - Ignoring InterruptException
2016-03-31 19:58:23,213 ERROR [Text Viewer Hover Presenter] - IScalaPresentationCompiler$ - Ignoring InterruptException
2016-03-31 19:58:23,213 ERROR [Text Viewer Hover Presenter] - IScalaPresentationCompiler$ - Ignoring InterruptException
2016-03-31 19:58:23,213 ERROR [Text Viewer Hover Presenter] - IScalaPresentationCompiler$ - Ignoring InterruptException
2016-03-31 19:58:23,213 ERROR [Text Viewer Hover Presenter] - IScalaPresentationCompiler$ - Ignoring InterruptException
2016-03-31 19:58:23,213 ERROR [Text Viewer Hover Presenter] - IScalaPresentationCompiler$ - Ignoring InterruptException
2016-03-31 20:43:24,288 ERROR [Text Viewer Hover Presenter] - IScalaPresentationCompiler$ - Ignoring InterruptException
2016-03-31 20:43:24,290 ERROR [Text Viewer Hover Presenter] - IScalaPresentationCompiler$ - Ignoring InterruptException
2016-03-31 21:02:24,044 ERROR [Text Viewer Hover Presenter] - IScalaPresentationCompiler$ - Ignoring InterruptException
2016-03-31 21:02:24,044 ERROR [Text Viewer Hover Presenter] - IScalaPresentationCompiler$ - Ignoring InterruptException
2016-03-31 21:06:34,701 ERROR [Text Viewer Hover Presenter] - IScalaPresentationCompiler$ - Ignoring InterruptException
2016-03-31 21:06:34,705 ERROR [Text Viewer Hover Presenter] - IScalaPresentationCompiler$ - Ignoring InterruptException
2016-03-31 21:06:34,705 ERROR [Text Viewer Hover Presenter] - IScalaPresentationCompiler$ - Ignoring InterruptException
2016-03-31 21:06:34,705 ERROR [Text Viewer Hover Presenter] - IScalaPresentationCompiler$ - Ignoring InterruptException
2016-03-31 21:06:42,384 ERROR [Text Viewer Hover Presenter] - IScalaPresentationCompiler$ - Ignoring InterruptException
2016-03-31 21:06:42,384 ERROR [Text Viewer Hover Presenter] - IScalaPresentationCompiler$ - Ignoring InterruptException
2016-03-31 21:06:42,384 ERROR [Text Viewer Hover Presenter] - IScalaPresentationCompiler$ - Ignoring InterruptException
2016-03-31 21:10:32,244  WARN [org.scalaide.ui.internal.reconciliation.ScalaReconciler] - TraverserImpl$ - Skipping annotation, position length = 0, position offset = 482
2016-03-31 21:10:32,244  WARN [org.scalaide.ui.internal.reconciliation.ScalaReconciler] - TraverserImpl$ - Skipping annotation, position length = 0, position offset = 482
2016-03-31 21:10:35,772  WARN [org.scalaide.ui.internal.reconciliation.ScalaReconciler] - TraverserImpl$ - Skipping annotation, position length = 0, position offset = 482
2016-03-31 21:10:41,311  WARN [org.scalaide.ui.internal.reconciliation.ScalaReconciler] - TraverserImpl$ - Skipping annotation, position length = 0, position offset = 482
2016-03-31 21:10:44,344  WARN [org.scalaide.ui.internal.reconciliation.ScalaReconciler] - TraverserImpl$ - Skipping annotation, position length = 0, position offset = 482
2016-03-31 21:10:47,460  WARN [org.scalaide.ui.internal.reconciliation.ScalaReconciler] - TraverserImpl$ - Skipping annotation, position length = 0, position offset = 482
2016-03-31 21:10:57,590  WARN [org.scalaide.ui.internal.reconciliation.ScalaReconciler] - TraverserImpl$ - Skipping annotation, position length = 0, position offset = 482
2016-03-31 21:11:02,127  WARN [org.scalaide.ui.internal.reconciliation.ScalaReconciler] - TraverserImpl$ - Skipping annotation, position length = 0, position offset = 482
2016-03-31 21:11:06,173  WARN [org.scalaide.ui.internal.reconciliation.ScalaReconciler] - TraverserImpl$ - Skipping annotation, position length = 0, position offset = 482
2016-03-31 21:11:10,750  WARN [org.scalaide.ui.internal.reconciliation.ScalaReconciler] - TraverserImpl$ - Skipping annotation, position length = 0, position offset = 482
2016-03-31 21:11:21,761  WARN [org.scalaide.ui.internal.reconciliation.ScalaReconciler] - TraverserImpl$ - Skipping annotation, position length = 0, position offset = 482
2016-03-31 21:13:01,303 ERROR [Text Viewer Hover Presenter] - IScalaPresentationCompiler$ - Ignoring InterruptException
2016-03-31 21:13:01,304 ERROR [Text Viewer Hover Presenter] - IScalaPresentationCompiler$ - Ignoring InterruptException
2016-03-31 21:13:01,304 ERROR [Text Viewer Hover Presenter] - IScalaPresentationCompiler$ - Ignoring InterruptException
2016-03-31 21:40:23,410  WARN [org.scalaide.ui.internal.reconciliation.ScalaReconciler] - CallByNameParamAtCreationPresenter - Timeout while waiting for `askLoadedTyped` during semantic highlighting.
2016-03-31 21:40:24,509 ERROR [org.scalaide.ui.internal.reconciliation.ScalaReconciler] - org.scala-ide.sdt.core - org.scala-ide.sdt.core - org.scala-ide.sdt.core - 2 - Problems occurred when invoking code from plug-in: "org.scala-ide.sdt.core".
java.lang.AssertionError: assertion failed: Race condition detected: You are running a presentation compiler method outside the PC thread.[phase: <no phase>] Please file a ticket with the current stack trace at https://www.assembla.com/spaces/scala-ide/support/tickets
	at scala.tools.nsc.interactive.Global.assertCorrectThread(Global.scala:535)
	at scala.reflect.internal.Symbols$Symbol.rawInfo(Symbols.scala:1565)
	at scala.reflect.internal.Symbols$Symbol.info(Symbols.scala:1499)
	at scala.reflect.internal.Symbols$Symbol.tpeHK(Symbols.scala:1424)
	at scala.reflect.internal.Types$Type.computeMemberType(Types.scala:694)
	at scala.reflect.internal.Types$Type.memberType(Types.scala:691)
	at scala.reflect.internal.Types$class.defineUnderlyingOfSingleType(Types.scala:1260)
	at scala.reflect.internal.SymbolTable.defineUnderlyingOfSingleType(SymbolTable.scala:16)
	at scala.reflect.internal.Types$SingleType.underlying(Types.scala:1214)
	at scala.reflect.internal.Types$SimpleTypeProxy$class.params(Types.scala:148)
	at scala.reflect.internal.Types$SingletonType.params(Types.scala:1076)
	at org.scalaide.ui.internal.editor.decorators.bynameparams.CallByNameParamAtCreationPresenter$traverser$2$.processArgs(CallByNameParamAtCreationPresenter.scala:76)
	at org.scalaide.ui.internal.editor.decorators.bynameparams.CallByNameParamAtCreationPresenter$traverser$2$.traverse(CallByNameParamAtCreationPresenter.scala:43)
	at org.scalaide.ui.internal.editor.decorators.bynameparams.CallByNameParamAtCreationPresenter$traverser$2$.traverse(CallByNameParamAtCreationPresenter.scala:38)
	at scala.reflect.internal.Trees$class.traverseComponents$1(Trees.scala:1294)
	at scala.reflect.internal.Trees$class.itraverse(Trees.scala:1330)
	at scala.reflect.internal.SymbolTable.itraverse(SymbolTable.scala:16)
	at scala.reflect.internal.SymbolTable.itraverse(SymbolTable.scala:16)
	at scala.reflect.api.Trees$Traverser.traverse(Trees.scala:2475)
	at org.scalaide.ui.internal.editor.decorators.bynameparams.CallByNameParamAtCreationPresenter$traverser$2$.traverse(CallByNameParamAtCreationPresenter.scala:47)
	at org.scalaide.ui.internal.editor.decorators.bynameparams.CallByNameParamAtCreationPresenter$traverser$2$.traverse(CallByNameParamAtCreationPresenter.scala:38)
	at scala.reflect.internal.Trees$class.traverseComponents$1(Trees.scala:1294)
	at scala.reflect.internal.Trees$class.itraverse(Trees.scala:1330)
	at scala.reflect.internal.SymbolTable.itraverse(SymbolTable.scala:16)
	at scala.reflect.internal.SymbolTable.itraverse(SymbolTable.scala:16)
	at scala.reflect.api.Trees$Traverser.traverse(Trees.scala:2475)
	at org.scalaide.ui.internal.editor.decorators.bynameparams.CallByNameParamAtCreationPresenter$traverser$2$.traverse(CallByNameParamAtCreationPresenter.scala:47)
	at org.scalaide.ui.internal.editor.decorators.bynameparams.CallByNameParamAtCreationPresenter$traverser$2$.traverse(CallByNameParamAtCreationPresenter.scala:38)
	at scala.reflect.api.Trees$Traverser.traverseTrees(Trees.scala:2484)
	at scala.reflect.internal.Trees$class.traverseComponents$1(Trees.scala:1284)
	at scala.reflect.internal.Trees$class.itraverse(Trees.scala:1330)
	at scala.reflect.internal.SymbolTable.itraverse(SymbolTable.scala:16)
	at scala.reflect.internal.SymbolTable.itraverse(SymbolTable.scala:16)
	at scala.reflect.api.Trees$Traverser.traverse(Trees.scala:2475)
	at org.scalaide.ui.internal.editor.decorators.bynameparams.CallByNameParamAtCreationPresenter$traverser$2$.traverse(CallByNameParamAtCreationPresenter.scala:47)
	at org.scalaide.ui.internal.editor.decorators.bynameparams.CallByNameParamAtCreationPresenter$traverser$2$.traverse(CallByNameParamAtCreationPresenter.scala:38)
	at scala.reflect.api.Trees$Traverser.traverseTrees(Trees.scala:2484)
	at scala.reflect.internal.Trees$class.traverseComponents$1(Trees.scala:1284)
	at scala.reflect.internal.Trees$class.itraverse(Trees.scala:1330)
	at scala.reflect.internal.SymbolTable.itraverse(SymbolTable.scala:16)
	at scala.reflect.internal.SymbolTable.itraverse(SymbolTable.scala:16)
	at scala.reflect.api.Trees$Traverser.traverse(Trees.scala:2475)
	at org.scalaide.ui.internal.editor.decorators.bynameparams.CallByNameParamAtCreationPresenter$traverser$2$.traverse(CallByNameParamAtCreationPresenter.scala:47)
	at org.scalaide.ui.internal.editor.decorators.bynameparams.CallByNameParamAtCreationPresenter$traverser$2$.traverse(CallByNameParamAtCreationPresenter.scala:38)
	at scala.reflect.internal.Trees$class.traverseComponents$1(Trees.scala:1235)
	at scala.reflect.internal.Trees$class.itraverse(Trees.scala:1330)
	at scala.reflect.internal.SymbolTable.itraverse(SymbolTable.scala:16)
	at scala.reflect.internal.SymbolTable.itraverse(SymbolTable.scala:16)
	at scala.reflect.api.Trees$Traverser.traverse(Trees.scala:2475)
	at org.scalaide.ui.internal.editor.decorators.bynameparams.CallByNameParamAtCreationPresenter$traverser$2$.traverse(CallByNameParamAtCreationPresenter.scala:47)
	at org.scalaide.ui.internal.editor.decorators.bynameparams.CallByNameParamAtCreationPresenter$traverser$2$.traverse(CallByNameParamAtCreationPresenter.scala:38)
	at scala.reflect.internal.Trees$$anonfun$traverseMemberDef$1$1.apply$mcV$sp(Trees.scala:1215)
	at scala.reflect.api.Trees$Traverser.atOwner(Trees.scala:2507)
	at scala.reflect.internal.Trees$class.traverseMemberDef$1(Trees.scala:1203)
	at scala.reflect.internal.Trees$class.itraverse(Trees.scala:1328)
	at scala.reflect.internal.SymbolTable.itraverse(SymbolTable.scala:16)
	at scala.reflect.internal.SymbolTable.itraverse(SymbolTable.scala:16)
	at scala.reflect.api.Trees$Traverser.traverse(Trees.scala:2475)
	at org.scalaide.ui.internal.editor.decorators.bynameparams.CallByNameParamAtCreationPresenter$traverser$2$.traverse(CallByNameParamAtCreationPresenter.scala:47)
	at org.scalaide.ui.internal.editor.decorators.bynameparams.CallByNameParamAtCreationPresenter$traverser$2$.traverse(CallByNameParamAtCreationPresenter.scala:38)
	at scala.reflect.api.Trees$Traverser$$anonfun$traverseStats$1$$anonfun$apply$1.apply$mcV$sp(Trees.scala:2498)
	at scala.reflect.api.Trees$Traverser.atOwner(Trees.scala:2507)
	at scala.reflect.api.Trees$Traverser.traverseStats(Trees.scala:2497)
	at scala.reflect.internal.Trees$class.traverseComponents$1(Trees.scala:1232)
	at scala.reflect.internal.Trees$class.itraverse(Trees.scala:1330)
	at scala.reflect.internal.SymbolTable.itraverse(SymbolTable.scala:16)
	at scala.reflect.internal.SymbolTable.itraverse(SymbolTable.scala:16)
	at scala.reflect.api.Trees$Traverser.traverse(Trees.scala:2475)
	at org.scalaide.ui.internal.editor.decorators.bynameparams.CallByNameParamAtCreationPresenter$traverser$2$.traverse(CallByNameParamAtCreationPresenter.scala:47)
	at org.scalaide.ui.internal.editor.decorators.bynameparams.CallByNameParamAtCreationPresenter$traverser$2$.traverse(CallByNameParamAtCreationPresenter.scala:38)
	at scala.reflect.internal.Trees$$anonfun$traverseMemberDef$1$1.apply$mcV$sp(Trees.scala:1208)
	at scala.reflect.api.Trees$Traverser.atOwner(Trees.scala:2507)
	at scala.reflect.internal.Trees$class.traverseMemberDef$1(Trees.scala:1203)
	at scala.reflect.internal.Trees$class.itraverse(Trees.scala:1327)
	at scala.reflect.internal.SymbolTable.itraverse(SymbolTable.scala:16)
	at scala.reflect.internal.SymbolTable.itraverse(SymbolTable.scala:16)
	at scala.reflect.api.Trees$Traverser.traverse(Trees.scala:2475)
	at org.scalaide.ui.internal.editor.decorators.bynameparams.CallByNameParamAtCreationPresenter$traverser$2$.traverse(CallByNameParamAtCreationPresenter.scala:47)
	at org.scalaide.ui.internal.editor.decorators.bynameparams.CallByNameParamAtCreationPresenter$traverser$2$.traverse(CallByNameParamAtCreationPresenter.scala:38)
	at scala.reflect.api.Trees$Traverser$$anonfun$traverseStats$1$$anonfun$apply$1.apply$mcV$sp(Trees.scala:2498)
	at scala.reflect.api.Trees$Traverser.atOwner(Trees.scala:2507)
	at scala.reflect.api.Trees$Traverser.traverseStats(Trees.scala:2497)
	at scala.reflect.internal.Trees$class.itraverse(Trees.scala:1326)
	at scala.reflect.internal.SymbolTable.itraverse(SymbolTable.scala:16)
	at scala.reflect.internal.SymbolTable.itraverse(SymbolTable.scala:16)
	at scala.reflect.api.Trees$Traverser.traverse(Trees.scala:2475)
	at org.scalaide.ui.internal.editor.decorators.bynameparams.CallByNameParamAtCreationPresenter$traverser$2$.traverse(CallByNameParamAtCreationPresenter.scala:47)
	at org.scalaide.ui.internal.editor.decorators.bynameparams.CallByNameParamAtCreationPresenter$.findByNameParamCreations$1(CallByNameParamAtCreationPresenter.scala:114)
	at org.scalaide.ui.internal.editor.decorators.bynameparams.CallByNameParamAtCreationPresenter$.findByNameParamCreations(CallByNameParamAtCreationPresenter.scala:119)
	at org.scalaide.ui.internal.editor.decorators.bynameparams.CallByNameParamAtCreationPresenter.findAll(CallByNameParamAtCreationPresenter.scala:21)
	at org.scalaide.ui.internal.editor.decorators.BaseSemanticAction$$anonfun$apply$1.findAnnotations$1(BaseSemanticAction.scala:118)
	at org.scalaide.ui.internal.editor.decorators.BaseSemanticAction$$anonfun$apply$1.apply(BaseSemanticAction.scala:126)
	at org.scalaide.ui.internal.editor.decorators.BaseSemanticAction$$anonfun$apply$1.apply(BaseSemanticAction.scala:112)
	at org.scalaide.core.internal.compiler.PresentationCompilerProxy$$anonfun$internal$1.apply(PresentationCompilerProxy.scala:105)
	at org.scalaide.core.internal.compiler.PresentationCompilerProxy$$anonfun$internal$1.apply(PresentationCompilerProxy.scala:104)
	at scala.Option.flatMap(Option.scala:171)
	at org.scalaide.core.internal.compiler.PresentationCompilerProxy.internal(PresentationCompilerProxy.scala:104)
	at org.scalaide.ui.internal.editor.decorators.BaseSemanticAction.apply(BaseSemanticAction.scala:112)
	at org.scalaide.ui.internal.editor.ScalaSourceFileEditor$$anon$3$$anonfun$reconciled$1$$anonfun$apply$1.apply$mcV$sp(ScalaSourceFileEditor.scala:104)
	at org.scalaide.ui.internal.editor.ScalaSourceFileEditor$$anon$3$$anonfun$reconciled$1$$anonfun$apply$1.apply(ScalaSourceFileEditor.scala:104)
	at org.scalaide.ui.internal.editor.ScalaSourceFileEditor$$anon$3$$anonfun$reconciled$1$$anonfun$apply$1.apply(ScalaSourceFileEditor.scala:104)
	at org.scalaide.util.eclipse.EclipseUtils$$anon$3.run(EclipseUtils.scala:216)
	at org.eclipse.core.runtime.SafeRunner.run(SafeRunner.java:42)
	at org.scalaide.util.eclipse.EclipseUtils$.withSafeRunner(EclipseUtils.scala:212)
	at org.scalaide.ui.internal.editor.ScalaSourceFileEditor$$anon$3$$anonfun$reconciled$1.apply(ScalaSourceFileEditor.scala:103)
	at org.scalaide.ui.internal.editor.ScalaSourceFileEditor$$anon$3$$anonfun$reconciled$1.apply(ScalaSourceFileEditor.scala:102)
	at scala.collection.mutable.ArraySeq.foreach(ArraySeq.scala:74)
	at org.scalaide.ui.internal.editor.ScalaSourceFileEditor$$anon$3.reconciled(ScalaSourceFileEditor.scala:102)
	at org.scalaide.ui.internal.editor.ScalaSourceFileEditor$ReconcilingListeners$$anonfun$reconciled$3.apply(ScalaSourceFileEditor.scala:470)
	at org.scalaide.ui.internal.editor.ScalaSourceFileEditor$ReconcilingListeners$$anonfun$reconciled$3.apply(ScalaSourceFileEditor.scala:470)
	at scala.collection.immutable.List.foreach(List.scala:381)
	at org.scalaide.ui.internal.editor.ScalaSourceFileEditor$ReconcilingListeners.reconciled(ScalaSourceFileEditor.scala:470)
	at org.scalaide.ui.internal.editor.ScalaSourceFileEditor.reconciled(ScalaSourceFileEditor.scala:371)
	at org.scalaide.ui.internal.reconciliation.ScalaReconcilingStrategy$$anonfun$reconcile$3.apply(ScalaReconcilingStrategy.scala:53)
	at org.scalaide.ui.internal.reconciliation.ScalaReconcilingStrategy$$anonfun$reconcile$3.apply(ScalaReconcilingStrategy.scala:53)
	at scala.Option.foreach(Option.scala:257)
	at org.scalaide.ui.internal.reconciliation.ScalaReconcilingStrategy.reconcile(ScalaReconcilingStrategy.scala:53)
	at org.eclipse.jdt.internal.ui.text.CompositeReconcilingStrategy.reconcile(CompositeReconcilingStrategy.java:86)
	at org.eclipse.jface.text.reconciler.MonoReconciler.process(MonoReconciler.java:77)
	at org.eclipse.jface.text.reconciler.AbstractReconciler$BackgroundThread.run(AbstractReconciler.java:206)
2016-03-31 21:40:24,536 ERROR [main] - org.scala-ide.sdt.core - org.scala-ide.sdt.core - org.scala-ide.sdt.core - 0 - Error occurred while executing 'org.scalaide.ui.internal.editor.decorators.bynameparams.CallByNameParamAtCreationPresenter'. Check the previous stack trace for more information.
2016-03-31 21:44:33,335 ERROR [Text Viewer Hover Presenter] - IScalaPresentationCompiler$ - Ignoring InterruptException
2016-03-31 21:44:33,336 ERROR [Text Viewer Hover Presenter] - IScalaPresentationCompiler$ - Ignoring InterruptException
2016-03-31 21:44:33,336 ERROR [Text Viewer Hover Presenter] - IScalaPresentationCompiler$ - Ignoring InterruptException
2016-03-31 21:44:49,929 ERROR [Text Viewer Hover Presenter] - IScalaPresentationCompiler$ - Ignoring InterruptException
2016-03-31 21:44:49,929 ERROR [Text Viewer Hover Presenter] - IScalaPresentationCompiler$ - Ignoring InterruptException
2016-03-31 21:44:49,929 ERROR [Text Viewer Hover Presenter] - IScalaPresentationCompiler$ - Ignoring InterruptException
2016-03-31 22:19:25,073 ERROR [Text Viewer Hover Presenter] - IScalaPresentationCompiler$ - Ignoring InterruptException
2016-03-31 22:19:25,073 ERROR [Text Viewer Hover Presenter] - IScalaPresentationCompiler$ - Ignoring InterruptException
2016-03-31 22:19:25,073 ERROR [Text Viewer Hover Presenter] - IScalaPresentationCompiler$ - Ignoring InterruptException
2016-03-31 22:38:48,739  WARN [org.scalaide.ui.internal.reconciliation.ScalaReconciler] - TraverserImpl$ - Skipping annotation, position length = 0, position offset = 514
2016-03-31 22:57:58,643  WARN [org.scalaide.ui.internal.reconciliation.ScalaReconciler] - CallByNameParamAtCreationPresenter - Timeout while waiting for `askLoadedTyped` during semantic highlighting.
2016-03-31 23:09:46,036 ERROR [Text Viewer Hover Presenter] - IScalaPresentationCompiler$ - Ignoring InterruptException
2016-03-31 23:09:46,036 ERROR [Text Viewer Hover Presenter] - IScalaPresentationCompiler$ - Ignoring InterruptException
2016-03-31 23:09:46,036 ERROR [Text Viewer Hover Presenter] - IScalaPresentationCompiler$ - Ignoring InterruptException
2016-03-31 23:15:13,253  WARN [org.scalaide.ui.internal.reconciliation.ScalaReconciler] - TraverserImpl$ - Skipping annotation, position length = 0, position offset = 810
2016-04-01 16:14:45,961  WARN [org.scalaide.ui.internal.reconciliation.ScalaReconciler] - CallByNameParamAtCreationPresenter - Timeout while waiting for `askLoadedTyped` during semantic highlighting.
2016-04-01 16:15:39,524 ERROR [Worker-4] - System.err - SLF4J: Failed to load class "org.slf4j.impl.StaticLoggerBinder".
2016-04-01 16:15:39,524 ERROR [Worker-4] - System.err - SLF4J: Defaulting to no-operation (NOP) logger implementation
2016-04-01 16:15:39,524 ERROR [Worker-4] - System.err - SLF4J: See http://www.slf4j.org/codes.html#StaticLoggerBinder for further details.
2016-04-01 17:39:29,615  WARN [org.scalaide.ui.internal.reconciliation.ScalaReconciler] - ImplicitHighlightingPresenter - Timeout while waiting for `askLoadedTyped` during semantic highlighting.
2016-04-01 17:39:29,854  WARN [org.scalaide.ui.internal.reconciliation.ScalaReconciler] - CustomSemanticAction - Timeout while waiting for `askLoadedTyped` during semantic highlighting.
2016-04-01 17:39:30,061  WARN [org.scalaide.ui.internal.reconciliation.ScalaReconciler] - CallByNameParamAtCreationPresenter - Timeout while waiting for `askLoadedTyped` during semantic highlighting.
2016-04-01 17:39:33,033  WARN [org.scalaide.ui.internal.reconciliation.ScalaReconciler] - CallByNameParamAtCreationPresenter - Timeout while waiting for `askLoadedTyped` during semantic highlighting.
2016-04-01 17:44:35,559  WARN [org.scalaide.ui.internal.reconciliation.ScalaReconciler] - ImplicitHighlightingPresenter - Timeout while waiting for `askLoadedTyped` during semantic highlighting.
2016-04-01 18:38:45,201 ERROR [Text Viewer Hover Presenter] - IScalaPresentationCompiler$ - Ignoring InterruptException
2016-04-01 18:38:45,218 ERROR [Text Viewer Hover Presenter] - IScalaPresentationCompiler$ - Ignoring InterruptException
2016-04-01 18:38:45,218 ERROR [Text Viewer Hover Presenter] - IScalaPresentationCompiler$ - Ignoring InterruptException
2016-04-01 18:38:45,218 ERROR [Text Viewer Hover Presenter] - IScalaPresentationCompiler$ - Ignoring InterruptException
2016-04-01 18:40:41,150 ERROR [Text Viewer Hover Presenter] - IScalaPresentationCompiler$ - Ignoring InterruptException
2016-04-01 18:40:41,151 ERROR [Text Viewer Hover Presenter] - IScalaPresentationCompiler$ - Ignoring InterruptException
2016-04-01 18:53:29,845  WARN [org.scalaide.ui.internal.reconciliation.ScalaReconciler] - CallByNameParamAtCreationPresenter - Timeout while waiting for `askLoadedTyped` during semantic highlighting.
2016-04-01 18:53:50,695  WARN [org.scalaide.ui.internal.reconciliation.ScalaReconciler] - CustomSemanticAction - Timeout while waiting for `askLoadedTyped` during semantic highlighting.
2016-04-01 20:16:40,816  WARN [org.scalaide.ui.internal.reconciliation.ScalaReconciler] - CallByNameParamAtCreationPresenter - Timeout while waiting for `askLoadedTyped` during semantic highlighting.
2016-04-01 20:16:49,808  WARN [org.scalaide.ui.internal.reconciliation.ScalaReconciler] - CallByNameParamAtCreationPresenter - Timeout while waiting for `askLoadedTyped` during semantic highlighting.
2016-04-01 20:29:41,999 ERROR [Text Viewer Hover Presenter] - IScalaPresentationCompiler$ - Ignoring InterruptException
2016-04-01 20:29:42,020 ERROR [Text Viewer Hover Presenter] - IScalaPresentationCompiler$ - Ignoring InterruptException
2016-04-01 20:29:42,020 ERROR [Text Viewer Hover Presenter] - IScalaPresentationCompiler$ - Ignoring InterruptException
2016-04-01 20:29:42,020 ERROR [Text Viewer Hover Presenter] - IScalaPresentationCompiler$ - Ignoring InterruptException
2016-04-01 20:29:42,188  WARN [org.scalaide.ui.internal.reconciliation.ScalaReconciler] - CallByNameParamAtCreationPresenter - Timeout while waiting for `askLoadedTyped` during semantic highlighting.
2016-04-01 20:36:59,127 ERROR [Text Viewer Hover Presenter] - IScalaPresentationCompiler$ - Ignoring InterruptException
2016-04-01 20:36:59,129 ERROR [Text Viewer Hover Presenter] - IScalaPresentationCompiler$ - Ignoring InterruptException
2016-04-01 20:36:59,129 ERROR [Text Viewer Hover Presenter] - IScalaPresentationCompiler$ - Ignoring InterruptException
2016-04-01 20:36:59,129 ERROR [Text Viewer Hover Presenter] - IScalaPresentationCompiler$ - Ignoring InterruptException
2016-04-01 20:39:37,044  WARN [org.scalaide.ui.internal.reconciliation.ScalaReconciler] - TraverserImpl$ - Skipping annotation, position length = 0, position offset = 5950
2016-04-01 20:39:37,044  WARN [org.scalaide.ui.internal.reconciliation.ScalaReconciler] - TraverserImpl$ - Skipping annotation, position length = 0, position offset = 5953
2016-04-01 20:39:39,169  WARN [org.scalaide.ui.internal.reconciliation.ScalaReconciler] - TraverserImpl$ - Skipping annotation, position length = 0, position offset = 5952
2016-04-01 20:39:39,170  WARN [org.scalaide.ui.internal.reconciliation.ScalaReconciler] - TraverserImpl$ - Skipping annotation, position length = 0, position offset = 5955
2016-04-01 20:40:05,290 ERROR [Text Viewer Hover Presenter] - IScalaPresentationCompiler$ - Ignoring InterruptException
2016-04-01 20:40:05,290 ERROR [Text Viewer Hover Presenter] - IScalaPresentationCompiler$ - Ignoring InterruptException
2016-04-01 20:40:05,290 ERROR [Text Viewer Hover Presenter] - IScalaPresentationCompiler$ - Ignoring InterruptException
2016-04-01 20:41:19,307 ERROR [Text Viewer Hover Presenter] - IScalaPresentationCompiler$ - Ignoring InterruptException
2016-04-01 20:41:19,307 ERROR [Text Viewer Hover Presenter] - IScalaPresentationCompiler$ - Ignoring InterruptException
2016-04-01 20:41:19,307 ERROR [Text Viewer Hover Presenter] - IScalaPresentationCompiler$ - Ignoring InterruptException
2016-04-01 21:00:31,529 ERROR [Text Viewer Hover Presenter] - IScalaPresentationCompiler$ - Ignoring InterruptException
2016-04-01 21:04:15,215 ERROR [Text Viewer Hover Presenter] - IScalaPresentationCompiler$ - Ignoring InterruptException
2016-04-01 21:04:15,216 ERROR [Text Viewer Hover Presenter] - IScalaPresentationCompiler$ - Ignoring InterruptException
2016-04-01 21:04:15,216 ERROR [Text Viewer Hover Presenter] - IScalaPresentationCompiler$ - Ignoring InterruptException
2016-04-01 21:39:22,569 ERROR [Text Viewer Hover Presenter] - IScalaPresentationCompiler$ - Ignoring InterruptException
2016-04-01 21:39:22,569 ERROR [Text Viewer Hover Presenter] - IScalaPresentationCompiler$ - Ignoring InterruptException
2016-04-01 21:39:22,569 ERROR [Text Viewer Hover Presenter] - IScalaPresentationCompiler$ - Ignoring InterruptException
2016-04-01 21:39:22,569 ERROR [Text Viewer Hover Presenter] - IScalaPresentationCompiler$ - Ignoring InterruptException
2016-04-01 21:39:22,569 ERROR [Text Viewer Hover Presenter] - IScalaPresentationCompiler$ - Ignoring InterruptException
2016-04-01 21:39:22,569 ERROR [Text Viewer Hover Presenter] - IScalaPresentationCompiler$ - Ignoring InterruptException
2016-04-01 21:39:22,569 ERROR [Text Viewer Hover Presenter] - IScalaPresentationCompiler$ - Ignoring InterruptException
2016-04-01 21:39:22,569 ERROR [Text Viewer Hover Presenter] - IScalaPresentationCompiler$ - Ignoring InterruptException
2016-04-01 21:51:08,721  WARN [org.scalaide.ui.internal.reconciliation.ScalaReconciler] - CallByNameParamAtCreationPresenter - Timeout while waiting for `askLoadedTyped` during semantic highlighting.
2016-04-01 22:25:14,564 ERROR [Text Viewer Hover Presenter] - IScalaPresentationCompiler$ - Ignoring InterruptException
2016-04-01 22:25:14,564 ERROR [Text Viewer Hover Presenter] - IScalaPresentationCompiler$ - Ignoring InterruptException
2016-04-01 22:43:31,428  WARN [org.scalaide.ui.internal.reconciliation.ScalaReconciler] - TraverserImpl$ - Skipping annotation, position length = 0, position offset = 5356
2016-04-01 22:43:31,428  WARN [org.scalaide.ui.internal.reconciliation.ScalaReconciler] - TraverserImpl$ - Skipping annotation, position length = 0, position offset = 5369
2016-04-01 22:45:56,691 ERROR [Text Viewer Hover Presenter] - IScalaPresentationCompiler$ - Ignoring InterruptException
2016-04-01 22:45:56,691 ERROR [Text Viewer Hover Presenter] - IScalaPresentationCompiler$ - Ignoring InterruptException
2016-04-01 22:45:56,691 ERROR [Text Viewer Hover Presenter] - IScalaPresentationCompiler$ - Ignoring InterruptException
2016-04-01 22:51:43,530 ERROR [Text Viewer Hover Presenter] - IScalaPresentationCompiler$ - Ignoring InterruptException
2016-04-01 22:51:43,530 ERROR [Text Viewer Hover Presenter] - IScalaPresentationCompiler$ - Ignoring InterruptException
2016-04-01 22:51:43,530 ERROR [Text Viewer Hover Presenter] - IScalaPresentationCompiler$ - Ignoring InterruptException
2016-04-01 22:51:59,274 ERROR [Text Viewer Hover Presenter] - IScalaPresentationCompiler$ - Ignoring InterruptException
2016-04-01 22:51:59,274 ERROR [Text Viewer Hover Presenter] - IScalaPresentationCompiler$ - Ignoring InterruptException
2016-04-01 22:51:59,274 ERROR [Text Viewer Hover Presenter] - IScalaPresentationCompiler$ - Ignoring InterruptException
2016-04-01 22:52:36,897 ERROR [Text Viewer Hover Presenter] - IScalaPresentationCompiler$ - Ignoring InterruptException
2016-04-01 22:52:36,897 ERROR [Text Viewer Hover Presenter] - IScalaPresentationCompiler$ - Ignoring InterruptException
2016-04-01 22:52:36,897 ERROR [Text Viewer Hover Presenter] - IScalaPresentationCompiler$ - Ignoring InterruptException
2016-04-01 22:55:20,127 ERROR [Text Viewer Hover Presenter] - IScalaPresentationCompiler$ - Ignoring InterruptException
2016-04-01 22:55:20,127 ERROR [Text Viewer Hover Presenter] - IScalaPresentationCompiler$ - Ignoring InterruptException
2016-04-01 23:04:01,892  WARN [org.scalaide.ui.internal.reconciliation.ScalaReconciler] - TraverserImpl$ - Skipping annotation, position length = 0, position offset = 4925
2016-04-01 23:04:04,068  WARN [org.scalaide.ui.internal.reconciliation.ScalaReconciler] - TraverserImpl$ - Skipping annotation, position length = 0, position offset = 4927
2016-04-01 23:04:07,713  WARN [org.scalaide.ui.internal.reconciliation.ScalaReconciler] - TraverserImpl$ - Skipping annotation, position length = 0, position offset = 4908
2016-04-01 23:09:08,905 ERROR [Text Viewer Hover Presenter] - IScalaPresentationCompiler$ - Ignoring InterruptException
2016-04-01 23:09:08,905 ERROR [Text Viewer Hover Presenter] - IScalaPresentationCompiler$ - Ignoring InterruptException
2016-04-01 23:09:08,905 ERROR [Text Viewer Hover Presenter] - IScalaPresentationCompiler$ - Ignoring InterruptException
